<?xml version="1.0" encoding="UTF-8"?>
<testsuite xmlns:xsi="http://www.w3.org/2001/XMLSchema-instance" xsi:noNamespaceSchemaLocation="https://maven.apache.org/surefire/maven-surefire-plugin/xsd/surefire-test-report-3.0.xsd" version="3.0" name="TestSuite" time="109.345" tests="12" errors="0" skipped="0" failures="5">
  <properties>
[...]
</properties>
  <testcase name="getMessage[Chrome, Windows 10](2)" classname="test_scenarios.TestScenarioOne" time="21.993">
    <system-err><![CDATA[Feb 13, 2025 5:02:17 PM org.openqa.selenium.remote.tracing.opentelemetry.OpenTelemetryTracer createTracer
INFO: Using OpenTelemetry for tracing
SLF4J: Failed to load class "org.slf4j.impl.StaticLoggerBinder".
SLF4J: Defaulting to no-operation (NOP) logger implementation
SLF4J: See http://www.slf4j.org/codes.html#StaticLoggerBinder for further details.
Feb 13, 2025 5:02:27 PM org.openqa.selenium.remote.ProtocolHandshake createSession
INFO: Detected upstream dialect: W3C
Feb 13, 2025 5:02:29 PM org.openqa.selenium.remote.ProtocolHandshake createSession
INFO: Detected upstream dialect: W3C
Feb 13, 2025 5:02:29 PM org.openqa.selenium.remote.ProtocolHandshake createSession
INFO: Detected upstream dialect: W3C
]]></system-err>
  </testcase>
  <testcase name="getMessage[Microsoft Edge, macOS Ventura](4)" classname="test_scenarios.TestScenarioOne" time="4.716">
    <system-err><![CDATA[Feb 13, 2025 5:02:50 PM org.openqa.selenium.remote.ProtocolHandshake createSession
INFO: Detected upstream dialect: W3C
]]></system-err>
  </testcase>
  <testcase name="getMessage[Firefox, Windows 11](6)" classname="test_scenarios.TestScenarioOne" time="1.44"/>
  <testcase name="getMessage[Internet Explorer, Windows 10](8)" classname="test_scenarios.TestScenarioOne" time="0.008">
    <failure message="org.openqa.selenium.SessionNotCreatedException: Could not start a new session. Possible causes are invalid address of the remote server or browser start-up failure.&#10;Build info: version: &apos;4.3.0&apos;, revision: &apos;a4995e2c09*&apos;&#10;System info: host: &apos;HARI&apos;, ip: &apos;192.168.0.101&apos;, os.name: &apos;Windows 11&apos;, os.arch: &apos;amd64&apos;, os.version: &apos;10.0&apos;, java.version: &apos;21.0.5&apos;&#10;Driver info: org.openqa.selenium.remote.RemoteWebDriver&#10;Command: [null, newSession {capabilities=[Capabilities {LT:Options: {accessKey: lnZKxgahvOQWMxQNl73Uxp4ODhJ..., build: Selenium java 101 Test 3, console: true, name: Internet Explorer Windows 10, network: true, project: Test project, selenium_version: 4.0.0, timezone: Kolkata, username: hariharanbas754, video: true, visual: true, w3c: true}, browserName: internet explorer, browserVersion: 11.0, platformName: Windows 10, se:ieOptions: {}}], desiredCapabilities=Capabilities {LT:Options: {accessKey: lnZKxgahvOQWMxQNl73Uxp4ODhJ..., build: Selenium java 101 Test 3, console: true, name: Internet Explorer Windows 10, network: true, project: Test project, selenium_version: 4.0.0, timezone: Kolkata, username: hariharanbas754, video: true, visual: true, w3c: true}, browserName: internet explorer, browserVersion: 11.0, platformName: Windows 10, se:ieOptions: {}}}]&#10;Capabilities {}" type="org.testng.internal.InvokeMethodRunnable$TestNGRuntimeException"><![CDATA[org.testng.internal.InvokeMethodRunnable$TestNGRuntimeException: 
org.openqa.selenium.SessionNotCreatedException: Could not start a new session. Possible causes are invalid address of the remote server or browser start-up failure.
Build info: version: '4.3.0', revision: 'a4995e2c09*'
System info: host: 'HARI', ip: '192.168.0.101', os.name: 'Windows 11', os.arch: 'amd64', os.version: '10.0', java.version: '21.0.5'
Driver info: org.openqa.selenium.remote.RemoteWebDriver
Command: [null, newSession {capabilities=[Capabilities {LT:Options: {accessKey: lnZKxgahvOQWMxQNl73Uxp4ODhJ..., build: Selenium java 101 Test 3, console: true, name: Internet Explorer Windows 10, network: true, project: Test project, selenium_version: 4.0.0, timezone: Kolkata, username: hariharanbas754, video: true, visual: true, w3c: true}, browserName: internet explorer, browserVersion: 11.0, platformName: Windows 10, se:ieOptions: {}}], desiredCapabilities=Capabilities {LT:Options: {accessKey: lnZKxgahvOQWMxQNl73Uxp4ODhJ..., build: Selenium java 101 Test 3, console: true, name: Internet Explorer Windows 10, network: true, project: Test project, selenium_version: 4.0.0, timezone: Kolkata, username: hariharanbas754, video: true, visual: true, w3c: true}, browserName: internet explorer, browserVersion: 11.0, platformName: Windows 10, se:ieOptions: {}}}]
Capabilities {}
	at test_scenarios.TestScenarioOne.getMessage(TestScenarioOne.java:20)
Caused by: java.lang.RuntimeException: NettyHttpHandler request interrupted
	at test_scenarios.TestScenarioOne.getMessage(TestScenarioOne.java:20)
Caused by: java.lang.InterruptedException
	at test_scenarios.TestScenarioOne.getMessage(TestScenarioOne.java:20)
]]></failure>
  </testcase>
  <testcase name="dragDrop[Chrome, Windows 10](2)" classname="test_scenarios.TestScenarioTwo" time="6.835">
    <system-out><![CDATA[95
]]></system-out>
  </testcase>
  <testcase name="dragDrop[Microsoft Edge, macOS Ventura](4)" classname="test_scenarios.TestScenarioTwo" time="1.859">
    <system-out><![CDATA[95
]]></system-out>
  </testcase>
  <testcase name="dragDrop[Firefox, Windows 11](6)" classname="test_scenarios.TestScenarioTwo" time="7.319">
    <failure message="org.openqa.selenium.SessionNotCreatedException: Could not start a new session. Possible causes are invalid address of the remote server or browser start-up failure.&#10;Build info: version: &apos;4.3.0&apos;, revision: &apos;a4995e2c09*&apos;&#10;System info: host: &apos;HARI&apos;, ip: &apos;192.168.0.101&apos;, os.name: &apos;Windows 11&apos;, os.arch: &apos;amd64&apos;, os.version: &apos;10.0&apos;, java.version: &apos;21.0.5&apos;&#10;Driver info: org.openqa.selenium.remote.RemoteWebDriver&#10;Command: [null, newSession {capabilities=[Capabilities {LT:Options: {accessKey: lnZKxgahvOQWMxQNl73Uxp4ODhJ..., build: Selenium java 101 Test 3, console: true, name: Firefox Windows 11, network: true, project: Test project, selenium_version: 4.0.0, timezone: Kolkata, username: hariharanbas754, video: true, visual: true, w3c: true}, acceptInsecureCerts: true, browserName: firefox, browserVersion: 130.0, moz:debuggerAddress: true, moz:firefoxOptions: {}, platformName: Windows 11}], desiredCapabilities=Capabilities {LT:Options: {accessKey: lnZKxgahvOQWMxQNl73Uxp4ODhJ..., build: Selenium java 101 Test 3, console: true, name: Firefox Windows 11, network: true, project: Test project, selenium_version: 4.0.0, timezone: Kolkata, username: hariharanbas754, video: true, visual: true, w3c: true}, acceptInsecureCerts: true, browserName: firefox, browserVersion: 130.0, moz:debuggerAddress: true, moz:firefoxOptions: {}, platformName: Windows 11}}]&#10;Capabilities {}" type="org.testng.internal.InvokeMethodRunnable$TestNGRuntimeException"><![CDATA[org.testng.internal.InvokeMethodRunnable$TestNGRuntimeException: 
org.openqa.selenium.SessionNotCreatedException: Could not start a new session. Possible causes are invalid address of the remote server or browser start-up failure.
Build info: version: '4.3.0', revision: 'a4995e2c09*'
System info: host: 'HARI', ip: '192.168.0.101', os.name: 'Windows 11', os.arch: 'amd64', os.version: '10.0', java.version: '21.0.5'
Driver info: org.openqa.selenium.remote.RemoteWebDriver
Command: [null, newSession {capabilities=[Capabilities {LT:Options: {accessKey: lnZKxgahvOQWMxQNl73Uxp4ODhJ..., build: Selenium java 101 Test 3, console: true, name: Firefox Windows 11, network: true, project: Test project, selenium_version: 4.0.0, timezone: Kolkata, username: hariharanbas754, video: true, visual: true, w3c: true}, acceptInsecureCerts: true, browserName: firefox, browserVersion: 130.0, moz:debuggerAddress: true, moz:firefoxOptions: {}, platformName: Windows 11}], desiredCapabilities=Capabilities {LT:Options: {accessKey: lnZKxgahvOQWMxQNl73Uxp4ODhJ..., build: Selenium java 101 Test 3, console: true, name: Firefox Windows 11, network: true, project: Test project, selenium_version: 4.0.0, timezone: Kolkata, username: hariharanbas754, video: true, visual: true, w3c: true}, acceptInsecureCerts: true, browserName: firefox, browserVersion: 130.0, moz:debuggerAddress: true, moz:firefoxOptions: {}, platformName: Windows 11}}]
Capabilities {}
	at test_scenarios.TestScenarioTwo.dragDrop(TestScenarioTwo.java:21)
Caused by: java.lang.RuntimeException: NettyHttpHandler request interrupted
	at test_scenarios.TestScenarioTwo.dragDrop(TestScenarioTwo.java:21)
Caused by: java.lang.InterruptedException
	at test_scenarios.TestScenarioTwo.dragDrop(TestScenarioTwo.java:21)
]]></failure>
  </testcase>
  <testcase name="dragDrop[Internet Explorer, Windows 10](8)" classname="test_scenarios.TestScenarioTwo" time="28.826">
    <failure message="org.openqa.selenium.SessionNotCreatedException: Could not start a new session. Possible causes are invalid address of the remote server or browser start-up failure.&#10;Build info: version: &apos;4.3.0&apos;, revision: &apos;a4995e2c09*&apos;&#10;System info: host: &apos;HARI&apos;, ip: &apos;192.168.0.101&apos;, os.name: &apos;Windows 11&apos;, os.arch: &apos;amd64&apos;, os.version: &apos;10.0&apos;, java.version: &apos;21.0.5&apos;&#10;Driver info: org.openqa.selenium.remote.RemoteWebDriver&#10;Command: [null, newSession {capabilities=[Capabilities {LT:Options: {accessKey: lnZKxgahvOQWMxQNl73Uxp4ODhJ..., build: Selenium java 101 Test 3, console: true, name: Internet Explorer Windows 10, network: true, project: Test project, selenium_version: 4.0.0, timezone: Kolkata, username: hariharanbas754, video: true, visual: true, w3c: true}, browserName: internet explorer, browserVersion: 11.0, platformName: Windows 10, se:ieOptions: {}}], desiredCapabilities=Capabilities {LT:Options: {accessKey: lnZKxgahvOQWMxQNl73Uxp4ODhJ..., build: Selenium java 101 Test 3, console: true, name: Internet Explorer Windows 10, network: true, project: Test project, selenium_version: 4.0.0, timezone: Kolkata, username: hariharanbas754, video: true, visual: true, w3c: true}, browserName: internet explorer, browserVersion: 11.0, platformName: Windows 10, se:ieOptions: {}}}]&#10;Capabilities {}" type="org.testng.internal.InvokeMethodRunnable$TestNGRuntimeException"><![CDATA[org.testng.internal.InvokeMethodRunnable$TestNGRuntimeException: 
org.openqa.selenium.SessionNotCreatedException: Could not start a new session. Possible causes are invalid address of the remote server or browser start-up failure.
Build info: version: '4.3.0', revision: 'a4995e2c09*'
System info: host: 'HARI', ip: '192.168.0.101', os.name: 'Windows 11', os.arch: 'amd64', os.version: '10.0', java.version: '21.0.5'
Driver info: org.openqa.selenium.remote.RemoteWebDriver
Command: [null, newSession {capabilities=[Capabilities {LT:Options: {accessKey: lnZKxgahvOQWMxQNl73Uxp4ODhJ..., build: Selenium java 101 Test 3, console: true, name: Internet Explorer Windows 10, network: true, project: Test project, selenium_version: 4.0.0, timezone: Kolkata, username: hariharanbas754, video: true, visual: true, w3c: true}, browserName: internet explorer, browserVersion: 11.0, platformName: Windows 10, se:ieOptions: {}}], desiredCapabilities=Capabilities {LT:Options: {accessKey: lnZKxgahvOQWMxQNl73Uxp4ODhJ..., build: Selenium java 101 Test 3, console: true, name: Internet Explorer Windows 10, network: true, project: Test project, selenium_version: 4.0.0, timezone: Kolkata, username: hariharanbas754, video: true, visual: true, w3c: true}, browserName: internet explorer, browserVersion: 11.0, platformName: Windows 10, se:ieOptions: {}}}]
Capabilities {}
	at test_scenarios.TestScenarioTwo.dragDrop(TestScenarioTwo.java:21)
Caused by: java.lang.RuntimeException: NettyHttpHandler request interrupted
	at test_scenarios.TestScenarioTwo.dragDrop(TestScenarioTwo.java:21)
Caused by: java.lang.InterruptedException
	at test_scenarios.TestScenarioTwo.dragDrop(TestScenarioTwo.java:21)
]]></failure>
  </testcase>
  <testcase name="submitForm[Chrome, Windows 10](2)" classname="test_scenarios.TestScenarioThree" time="2.569"/>
  <testcase name="submitForm[Microsoft Edge, macOS Ventura](4)" classname="test_scenarios.TestScenarioThree" time="6.978">
    <system-err><![CDATA[Feb 13, 2025 5:02:56 PM org.openqa.selenium.remote.ProtocolHandshake createSession
INFO: Detected upstream dialect: W3C
Feb 13, 2025 5:02:57 PM org.openqa.selenium.remote.ProtocolHandshake createSession
INFO: Detected upstream dialect: W3C
]]></system-err>
  </testcase>
  <testcase name="submitForm[Firefox, Windows 11](6)" classname="test_scenarios.TestScenarioThree" time="26.31">
    <failure message="org.openqa.selenium.WebDriverException: Unable to find the session info for particular sessionId 8412f9a9-1c24-4ca6-8321-e3329b4e919f, maybe session has quit already or timed out.&#10;Build info: version: &apos;4.3.0&apos;, revision: &apos;a4995e2c09*&apos;&#10;System info: host: &apos;HARI&apos;, ip: &apos;192.168.0.101&apos;, os.name: &apos;Windows 11&apos;, os.arch: &apos;amd64&apos;, os.version: &apos;10.0&apos;, java.version: &apos;21.0.5&apos;&#10;Driver info: org.openqa.selenium.remote.RemoteWebDriver&#10;Command: [8412f9a9-1c24-4ca6-8321-e3329b4e919f, findElement {using=link text, value=Input Form Submit}]&#10;Capabilities {acceptInsecureCerts: true, browserName: firefox, browserVersion: 130.0.1, moz:accessibilityChecks: false, moz:buildID: 20240913135723, moz:geckodriverVersion: 0.35.0, moz:headless: false, moz:platformVersion: 10.0, moz:processID: 5056, moz:profile: C:\Users\ltuser\AppData\Loc..., moz:shutdownTimeout: 60000, moz:webdriverClick: true, moz:windowless: false, pageLoadStrategy: normal, platformName: WINDOWS, proxy: Proxy(), setWindowRect: true, strictFileInteractability: false, timeouts: {implicit: 0, pageLoad: 300000, script: 30000}, unhandledPromptBehavior: dismiss and notify, userAgent: Mozilla/5.0 (Windows NT 10....}&#10;Session ID: 8412f9a9-1c24-4ca6-8321-e3329b4e919f" type="org.testng.internal.InvokeMethodRunnable$TestNGRuntimeException"><![CDATA[org.testng.internal.InvokeMethodRunnable$TestNGRuntimeException: 
org.openqa.selenium.WebDriverException: Unable to find the session info for particular sessionId 8412f9a9-1c24-4ca6-8321-e3329b4e919f, maybe session has quit already or timed out.
Build info: version: '4.3.0', revision: 'a4995e2c09*'
System info: host: 'HARI', ip: '192.168.0.101', os.name: 'Windows 11', os.arch: 'amd64', os.version: '10.0', java.version: '21.0.5'
Driver info: org.openqa.selenium.remote.RemoteWebDriver
Command: [8412f9a9-1c24-4ca6-8321-e3329b4e919f, findElement {using=link text, value=Input Form Submit}]
Capabilities {acceptInsecureCerts: true, browserName: firefox, browserVersion: 130.0.1, moz:accessibilityChecks: false, moz:buildID: 20240913135723, moz:geckodriverVersion: 0.35.0, moz:headless: false, moz:platformVersion: 10.0, moz:processID: 5056, moz:profile: C:\Users\ltuser\AppData\Loc..., moz:shutdownTimeout: 60000, moz:webdriverClick: true, moz:windowless: false, pageLoadStrategy: normal, platformName: WINDOWS, proxy: Proxy(), setWindowRect: true, strictFileInteractability: false, timeouts: {implicit: 0, pageLoad: 300000, script: 30000}, unhandledPromptBehavior: dismiss and notify, userAgent: Mozilla/5.0 (Windows NT 10....}
Session ID: 8412f9a9-1c24-4ca6-8321-e3329b4e919f
	at test_scenarios.TestScenarioThree.submitForm(TestScenarioThree.java:26)
]]></failure>
    <system-err><![CDATA[Feb 13, 2025 5:03:08 PM org.openqa.selenium.remote.ProtocolHandshake createSession
INFO: Detected upstream dialect: W3C
Feb 13, 2025 5:03:18 PM org.openqa.selenium.remote.ProtocolHandshake createSession
INFO: Detected upstream dialect: W3C
]]></system-err>
  </testcase>
  <testcase name="submitForm[Internet Explorer, Windows 10](8)" classname="test_scenarios.TestScenarioThree" time="0.005">
    <failure message="org.openqa.selenium.SessionNotCreatedException: Could not start a new session. Possible causes are invalid address of the remote server or browser start-up failure.&#10;Build info: version: &apos;4.3.0&apos;, revision: &apos;a4995e2c09*&apos;&#10;System info: host: &apos;HARI&apos;, ip: &apos;192.168.0.101&apos;, os.name: &apos;Windows 11&apos;, os.arch: &apos;amd64&apos;, os.version: &apos;10.0&apos;, java.version: &apos;21.0.5&apos;&#10;Driver info: org.openqa.selenium.remote.RemoteWebDriver&#10;Command: [null, newSession {capabilities=[Capabilities {LT:Options: {accessKey: lnZKxgahvOQWMxQNl73Uxp4ODhJ..., build: Selenium java 101 Test 3, console: true, name: Internet Explorer Windows 10, network: true, project: Test project, selenium_version: 4.0.0, timezone: Kolkata, username: hariharanbas754, video: true, visual: true, w3c: true}, browserName: internet explorer, browserVersion: 11.0, platformName: Windows 10, se:ieOptions: {}}], desiredCapabilities=Capabilities {LT:Options: {accessKey: lnZKxgahvOQWMxQNl73Uxp4ODhJ..., build: Selenium java 101 Test 3, console: true, name: Internet Explorer Windows 10, network: true, project: Test project, selenium_version: 4.0.0, timezone: Kolkata, username: hariharanbas754, video: true, visual: true, w3c: true}, browserName: internet explorer, browserVersion: 11.0, platformName: Windows 10, se:ieOptions: {}}}]&#10;Capabilities {}" type="org.testng.internal.InvokeMethodRunnable$TestNGRuntimeException"><![CDATA[org.testng.internal.InvokeMethodRunnable$TestNGRuntimeException: 
org.openqa.selenium.SessionNotCreatedException: Could not start a new session. Possible causes are invalid address of the remote server or browser start-up failure.
Build info: version: '4.3.0', revision: 'a4995e2c09*'
System info: host: 'HARI', ip: '192.168.0.101', os.name: 'Windows 11', os.arch: 'amd64', os.version: '10.0', java.version: '21.0.5'
Driver info: org.openqa.selenium.remote.RemoteWebDriver
Command: [null, newSession {capabilities=[Capabilities {LT:Options: {accessKey: lnZKxgahvOQWMxQNl73Uxp4ODhJ..., build: Selenium java 101 Test 3, console: true, name: Internet Explorer Windows 10, network: true, project: Test project, selenium_version: 4.0.0, timezone: Kolkata, username: hariharanbas754, video: true, visual: true, w3c: true}, browserName: internet explorer, browserVersion: 11.0, platformName: Windows 10, se:ieOptions: {}}], desiredCapabilities=Capabilities {LT:Options: {accessKey: lnZKxgahvOQWMxQNl73Uxp4ODhJ..., build: Selenium java 101 Test 3, console: true, name: Internet Explorer Windows 10, network: true, project: Test project, selenium_version: 4.0.0, timezone: Kolkata, username: hariharanbas754, video: true, visual: true, w3c: true}, browserName: internet explorer, browserVersion: 11.0, platformName: Windows 10, se:ieOptions: {}}}]
Capabilities {}
	at test_scenarios.TestScenarioThree.submitForm(TestScenarioThree.java:22)
Caused by: java.lang.RuntimeException: NettyHttpHandler request interrupted
	at test_scenarios.TestScenarioThree.submitForm(TestScenarioThree.java:22)
Caused by: java.lang.InterruptedException
	at test_scenarios.TestScenarioThree.submitForm(TestScenarioThree.java:22)
]]></failure>
  </testcase>
</testsuite>